<?xml version="1.0" encoding="UTF-8"?>
<!-- Generated by org.testng.reporters.JUnitReportReporter -->
<testsuite hostname="LAPTOP-APCAMT61" failures="0" tests="2" name="qaclickacademy.AppiumTest" time="0.027" errors="0" timestamp="2020-01-26T16:28:35 GMT" skipped="0">
  <testcase classname="qaclickacademy.AppiumTest" name="NativeAppAndroid" time="0.000"/>
  <testcase classname="qaclickacademy.AppiumTest" name="IOSApps" time="0.027"/>
</testsuite> <!-- qaclickacademy.AppiumTest -->
